<?xml version="1.0" encoding="UTF-8"?>
<!-- Generated by org.testng.reporters.JUnitReportReporter -->
<testsuite skipped="0" hostname="Abdul" name="com.mycompany.RecheckTestClass" tests="1" failures="1" timestamp="02 Jun 2019 09:24:29 GMT" time="9.498" errors="0">
  <testcase name="google" time="9.498" classname="com.mycompany.RecheckTestClass">
    <failure type="java.lang.AssertionError" message="
A detailed report will be created at &#039;target\test-classes\retest\recheck\com.mycompany.RecheckTestClass.report&#039;. You can review the details by using our GUI from https://retest.de/review/.

The following differences have been found in &#039;com.mycompany.RecheckTestClass&#039;(with 1 check(s)):
Test &#039;google&#039; has 3 differences in 1 states:
open resulted in:
	DIV at &#039;HTML[1]/BODY[1]/DIV[1]/DIV[3]/FORM[1]/DIV[2]&#039;:
		jsdata: expected=&quot;MuIEvd;;BoNTWk&quot;, actual=&quot;MuIEvd;;BFwHtk&quot;
	INPUT at &#039;HTML[1]/BODY[1]/DIV[1]/DIV[3]/FORM[1]/DIV[2]/DIV[1]/DIV[1]/DIV[1]/DIV[1]/INPUT[1]&#039;:
		data-ved: expected=&quot;0ahUKEwjOsv27l8riAhUBgI8KHVy6AdoQ39UDCAQ&quot;, actual=&quot;0ahUKEwjlmqGBvcriAhVCO48KHarkAJUQ39UDCAQ&quot;
	DIV at &#039;HTML[1]/BODY[1]/DIV[1]/DIV[7]&#039;:
		jsdata: expected=&quot;hE2vdf;;BoNTWs&quot;, actual=&quot;hE2vdf;;BFwHts&quot;">
      <![CDATA[java.lang.AssertionError: 
A detailed report will be created at 'target\test-classes\retest\recheck\com.mycompany.RecheckTestClass.report'. You can review the details by using our GUI from https://retest.de/review/.

The following differences have been found in 'com.mycompany.RecheckTestClass'(with 1 check(s)):
Test 'google' has 3 differences in 1 states:
open resulted in:
	DIV at 'HTML[1]/BODY[1]/DIV[1]/DIV[3]/FORM[1]/DIV[2]':
		jsdata: expected="MuIEvd;;BoNTWk", actual="MuIEvd;;BFwHtk"
	INPUT at 'HTML[1]/BODY[1]/DIV[1]/DIV[3]/FORM[1]/DIV[2]/DIV[1]/DIV[1]/DIV[1]/DIV[1]/INPUT[1]':
		data-ved: expected="0ahUKEwjOsv27l8riAhUBgI8KHVy6AdoQ39UDCAQ", actual="0ahUKEwjlmqGBvcriAhVCO48KHarkAJUQ39UDCAQ"
	DIV at 'HTML[1]/BODY[1]/DIV[1]/DIV[7]':
		jsdata: expected="hE2vdf;;BoNTWs", actual="hE2vdf;;BFwHts"
	at de.retest.recheck.RecheckImpl.capTest(RecheckImpl.java:141)
	at com.mycompany.RecheckTestClass.google(RecheckTestClass.java:29)
	at sun.reflect.NativeMethodAccessorImpl.invoke0(Native Method)
	at sun.reflect.NativeMethodAccessorImpl.invoke(Unknown Source)
	at sun.reflect.DelegatingMethodAccessorImpl.invoke(Unknown Source)
	at java.lang.reflect.Method.invoke(Unknown Source)
	at org.testng.internal.MethodInvocationHelper.invokeMethod(MethodInvocationHelper.java:108)
	at org.testng.internal.Invoker.invokeMethod(Invoker.java:661)
	at org.testng.internal.Invoker.invokeTestMethod(Invoker.java:869)
	at org.testng.internal.Invoker.invokeTestMethods(Invoker.java:1193)
	at org.testng.internal.TestMethodWorker.invokeTestMethods(TestMethodWorker.java:126)
	at org.testng.internal.TestMethodWorker.run(TestMethodWorker.java:109)
	at org.testng.TestRunner.privateRun(TestRunner.java:744)
	at org.testng.TestRunner.run(TestRunner.java:602)
	at org.testng.SuiteRunner.runTest(SuiteRunner.java:380)
	at org.testng.SuiteRunner.runSequentially(SuiteRunner.java:375)
	at org.testng.SuiteRunner.privateRun(SuiteRunner.java:340)
	at org.testng.SuiteRunner.run(SuiteRunner.java:289)
	at org.testng.SuiteRunnerWorker.runSuite(SuiteRunnerWorker.java:52)
	at org.testng.SuiteRunnerWorker.run(SuiteRunnerWorker.java:86)
	at org.testng.TestNG.runSuitesSequentially(TestNG.java:1301)
	at org.testng.TestNG.runSuitesLocally(TestNG.java:1226)
	at org.testng.TestNG.runSuites(TestNG.java:1144)
	at org.testng.TestNG.run(TestNG.java:1115)
	at org.testng.remote.AbstractRemoteTestNG.run(AbstractRemoteTestNG.java:132)
	at org.testng.remote.RemoteTestNG.initAndRun(RemoteTestNG.java:230)
	at org.testng.remote.RemoteTestNG.main(RemoteTestNG.java:76)
]]>
    </failure>
  </testcase> <!-- google -->
</testsuite> <!-- com.mycompany.RecheckTestClass -->
